<?xml version="1.0" encoding="UTF-8"?>
<!-- Generated by org.testng.reporters.JUnitXMLReporter -->
<testsuite ignored="0" hostname="CELSYSNCR000070" failures="1" tests="1" name="Test2" time="2.576" errors="0" timestamp="2023-11-24T10:23:32 IST">
  <testcase classname="day8.GetUser" name="test_getUser" time="2.571">
    <failure type="java.lang.SecurityException" message="class &amp;quot;org.hamcrest.Matchers&amp;quot;&amp;apos;s signer information does not match signer information of other classes in the same package">
      <![CDATA[java.lang.SecurityException: class "org.hamcrest.Matchers"'s signer information does not match signer information of other classes in the same package
at java.base/java.lang.ClassLoader.checkCerts(ClassLoader.java:1163)
at java.base/java.lang.ClassLoader.preDefineClass(ClassLoader.java:905)
at java.base/java.lang.ClassLoader.defineClass(ClassLoader.java:1014)
at java.base/java.security.SecureClassLoader.defineClass(SecureClassLoader.java:151)
at java.base/jdk.internal.loader.BuiltinClassLoader.defineClass(BuiltinClassLoader.java:825)
at java.base/jdk.internal.loader.BuiltinClassLoader.findClassOnClassPathOrNull(BuiltinClassLoader.java:723)
at java.base/jdk.internal.loader.BuiltinClassLoader.loadClassOrNull(BuiltinClassLoader.java:646)
at java.base/jdk.internal.loader.BuiltinClassLoader.loadClass(BuiltinClassLoader.java:604)
at java.base/jdk.internal.loader.ClassLoaders$AppClassLoader.loadClass(ClassLoaders.java:168)
at java.base/java.lang.ClassLoader.loadClass(ClassLoader.java:522)
at io.restassured.internal.ResponseSpecificationImpl.statusCode(ResponseSpecificationImpl.groovy:143)
at io.restassured.internal.ValidatableResponseOptionsImpl.statusCode(ValidatableResponseOptionsImpl.java:89)
at day8.GetUser.test_getUser(GetUser.java:26)
at java.base/java.util.ArrayList.forEach(ArrayList.java:1511)
... Removed 27 stack frames]]>
    </failure>
  </testcase> <!-- test_getUser -->
</testsuite> <!-- Test2 -->
