<?xml version="1.0" encoding="UTF-8"?>
<testng-results ignored="0" total="1" passed="1" failed="0" skipped="0">
  <reporter-output>
  </reporter-output>
  <suite started-at="2023-08-07T22:19:45 IST" name="Default suite" finished-at="2023-08-07T22:19:47 IST" duration-ms="1753">
    <groups>
    </groups>
    <test started-at="2023-08-07T22:19:45 IST" name="Default test" finished-at="2023-08-07T22:19:47 IST" duration-ms="1753">
      <class name="day3.LoggingDemo">
        <test-method signature="testLogs()[pri:1, instance:day3.LoggingDemo@54a7079e]" started-at="2023-08-07T22:19:45 IST" name="testLogs" finished-at="2023-08-07T22:19:47 IST" duration-ms="1718" status="PASS">
          <reporter-output>
          </reporter-output>
        </test-method> <!-- testLogs -->
      </class> <!-- day3.LoggingDemo -->
    </test> <!-- Default test -->
  </suite> <!-- Default suite -->
</testng-results>
